qemu-system-i386 -smp 4 -m 262144k -nographic -no-reboot -fda  phil_dinner.img | tee phil_dinner.out
Setting up this machine as follows:
  Processor:    IA32 at 881 MHz (BUS clock = 125 MHz)
  Memory:       262144 Kbytes [0x00000000:0x10000000]
  User memory:  261752 Kbytes [0x00000000:0x0ff9e000]
  PCI aperture: 44996 Kbytes [0xfc000000:0xfebf1000]
  Node Id:      will get from the network!
  Setup:        21344 bytes
  APP code:     33632 bytes	data: 704 bytes
  CPU count:    4

The Philosopher's Dinner:
Philosophers are alive and hungry!
even numbers: 15000-3

                                 done   0

                          \                /


                     done   3                done   1


                          /                \


                         done   3 |     done   2


The dinner is served ...
Philosopher 0 | 0:  1046 | 1:     0 | 2:     0 | 3:     0 | T:  1046 | S: 11
Philosopher 1 | 0:     0 | 1:  1545 | 2:     0 | 3:     0 | T:  1545 | S: 1
Philosopher 2 | 0:     0 | 1:     0 | 2:   982 | 3:     0 | T:   982 | S: 1
Philosopher 3 | 0:     0 | 1:     0 | 2:     0 | 3:  5032 | T:  5032 | S: 1
Philosopher 4 | 0:     0 | 1:     0 | 2:     0 | 3:  6327 | T:  6327 | S: 1
CPU Totals    | 0:  1046 | 1:  1545 | 2:   982 | 3: 11359 | T: 14932

The end!
The last thread has exited!
Rebooting the machine ...
