qemu-system-i386 -smp 4 -m 262144k -nographic -no-reboot -fda  phil_dinner.img | tee phil_dinner.out
Setting up this machine as follows:
  Processor:    IA32 at 4096 MHz (BUS clock = 125 MHz)
  Memory:       262144 Kbytes [0x00000000:0x10000000]
  User memory:  261752 Kbytes [0x00000000:0x0ff9e000]
  PCI aperture: 44996 Kbytes [0xfc000000:0xfebf1000]
  Node Id:      will get from the network!
  Setup:        21344 bytes
  APP code:     33152 bytes	data: 704 bytes
  CPU count:    4

The Philosopher's Dinner:
Philosophers are alive and hungry!
even numbers: 15000-2

                                 done   0

                          \                /


                     done   3                done   1


                          /                \


                         done   3 |     done   2


The dinner is served ...
Philosopher 0 ate 4 times | 0: 993 | 1: 0 | 2: 0 | 3: 0 | T: 993
Philosopher 1 ate 4 times | 0: 0 | 1: 887 | 2: 0 | 3: 0 | T: 887
Philosopher 2 ate 4 times | 0: 0 | 1: 0 | 2: 854 | 3: 0 | T: 854
Philosopher 3 ate 4 times | 0: 0 | 1: 0 | 2: 0 | 3: 3924 | T: 3924
Philosopher 4 ate 4 times | 0: 0 | 1: 0 | 2: 0 | 3: 5135 | T: 5135
CPU Totals                | 0: 993 | 1: 887 | 2: 854 | 3: 9059 | T: 11793

The end!
The last thread has exited!
Rebooting the machine ...
