qemu-system-i386 -smp 4 -m 262144k -nographic -no-reboot -fda  phil_dinner.img | tee phil_dinner.out
Setting up this machine as follows:
  Processor:    IA32 at 1074 MHz (BUS clock = 125 MHz)
  Memory:       262144 Kbytes [0x00000000:0x10000000]
  User memory:  261752 Kbytes [0x00000000:0x0ff9e000]
  PCI aperture: 44996 Kbytes [0xfc000000:0xfebf1000]
  Node Id:      will get from the network!
  Setup:        21344 bytes
  APP code:     33776 bytes	data: 704 bytes
  CPU count:    4

The Philosopher's Dinner:
Philosophers are alive and hungry!
even numbers: 15000-0

                                 done   0

                          \                /


                     done   0                done   1


                          /                \


                         done   3 |     done   2


The dinner is served ...
Philosopher 0 | 0:  4296 | 1:     0 | 2:     0 | 3:     0 | T:  4296 | S: 6
Philosopher 1 | 0:     0 | 1:   770 | 2:     0 | 3:     0 | T:   770 | S: 2
Philosopher 2 | 0:     0 | 1:     0 | 2:   821 | 3:     0 | T:   821 | S: 1
Philosopher 3 | 0:     0 | 1:     0 | 2:     0 | 3:   775 | T:   775 | S: 1
Philosopher 4 | 0:  4027 | 1:     0 | 2:     0 | 3:     0 | T:  4027 | S: 6
CPU Totals    | 0:  8323 | 1:   770 | 2:   821 | 3:   775 | T: 10689

The end!
The last thread has exited!
Rebooting the machine ...
